!SESSION 2023-07-04 19:04:28.793 -----------------------------------------------
eclipse.buildId=4.28.0.20230608-1200
java.version=17.0.7
java.vendor=Eclipse Adoptium
BootLoader constants: OS=win32, ARCH=x86_64, WS=win32, NL=fr_FR
Framework arguments:  -product org.eclipse.epp.package.java.product
Command-line arguments:  -os win32 -ws win32 -arch x86_64 -product org.eclipse.epp.package.java.product

!ENTRY org.eclipse.emf.ecore 2 0 2023-07-04 19:04:30.367
!MESSAGE Both 'com.sap.adt.tools.core.base' and 'org.abapgit.adt.backend' register a package for 'http://www.w3.org/2005/Atom'

!ENTRY org.eclipse.emf.ecore 2 0 2023-07-04 19:04:30.380
!MESSAGE Both 'com.sap.adt.ris.model' and 'com.sap.adt.tm.model' register an extension parser for 'facets'

!ENTRY org.eclipse.emf.ecore 2 0 2023-07-04 19:04:30.381
!MESSAGE Both 'com.sap.adt.tools.core' and 'com.sap.adt.wda.common.ui' register an extension parser for 'configuration'

!ENTRY org.eclipse.emf.ecore 2 0 2023-07-04 19:04:30.382
!MESSAGE Both 'com.sap.adt.tools.core.base' and 'org.abapgit.adt.backend' register an extension parser for 'atom'

!ENTRY org.eclipse.ui.ide 4 4 2023-07-04 19:04:33.612
!MESSAGE Error opening Welcome dialog

!ENTRY org.eclipse.ui.ide 4 0 2023-07-04 19:04:33.613
!MESSAGE InvocationTargetException
!STACK 0
java.lang.reflect.InvocationTargetException
	at java.base/jdk.internal.reflect.NativeMethodAccessorImpl.invoke0(Native Method)
	at java.base/jdk.internal.reflect.NativeMethodAccessorImpl.invoke(NativeMethodAccessorImpl.java:77)
	at java.base/jdk.internal.reflect.DelegatingMethodAccessorImpl.invoke(DelegatingMethodAccessorImpl.java:43)
	at java.base/java.lang.reflect.Method.invoke(Method.java:568)
	at org.eclipse.ui.internal.ide.application.IDEApplication.showCustomDialog(IDEApplication.java:627)
	at org.eclipse.ui.internal.ide.application.IDEApplication.promptForWorkspace(IDEApplication.java:383)
	at org.eclipse.ui.internal.ide.application.IDEApplication.checkInstanceLocation(IDEApplication.java:285)
	at org.eclipse.ui.internal.ide.application.IDEApplication.start(IDEApplication.java:142)
	at org.eclipse.equinox.internal.app.EclipseAppHandle.run(EclipseAppHandle.java:203)
	at org.eclipse.core.runtime.internal.adaptor.EclipseAppLauncher.runApplication(EclipseAppLauncher.java:136)
	at org.eclipse.core.runtime.internal.adaptor.EclipseAppLauncher.start(EclipseAppLauncher.java:104)
	at org.eclipse.core.runtime.adaptor.EclipseStarter.run(EclipseStarter.java:402)
	at org.eclipse.core.runtime.adaptor.EclipseStarter.run(EclipseStarter.java:255)
	at java.base/jdk.internal.reflect.NativeMethodAccessorImpl.invoke0(Native Method)
	at java.base/jdk.internal.reflect.NativeMethodAccessorImpl.invoke(NativeMethodAccessorImpl.java:77)
	at java.base/jdk.internal.reflect.DelegatingMethodAccessorImpl.invoke(DelegatingMethodAccessorImpl.java:43)
	at java.base/java.lang.reflect.Method.invoke(Method.java:568)
	at org.eclipse.equinox.launcher.Main.invokeFramework(Main.java:659)
	at org.eclipse.equinox.launcher.Main.basicRun(Main.java:596)
	at org.eclipse.equinox.launcher.Main.run(Main.java:1467)
Caused by: java.lang.IllegalArgumentException: URI scheme is not "file"
	at java.base/java.io.File.<init>(File.java:423)
	at com.genuitec.eclipse.startup.model.FileEntry.exists(FileEntry.java:249)
	at com.genuitec.eclipse.startup.model.WorkspaceDataProvider.lambda$5(WorkspaceDataProvider.java:195)
	at java.base/java.util.stream.ReferencePipeline$2$1.accept(ReferencePipeline.java:178)
	at java.base/java.util.ArrayList$ArrayListSpliterator.tryAdvance(ArrayList.java:1602)
	at java.base/java.util.stream.ReferencePipeline$7$1.accept(ReferencePipeline.java:280)
	at java.base/java.util.stream.ReferencePipeline$2$1.accept(ReferencePipeline.java:179)
	at java.base/java.util.stream.ReferencePipeline$3$1.accept(ReferencePipeline.java:197)
	at java.base/java.util.stream.ReferencePipeline$2$1.accept(ReferencePipeline.java:179)
	at java.base/java.util.Spliterators$ArraySpliterator.tryAdvance(Spliterators.java:1002)
	at java.base/java.util.stream.ReferencePipeline.forEachWithCancel(ReferencePipeline.java:129)
	at java.base/java.util.stream.AbstractPipeline.copyIntoWithCancel(AbstractPipeline.java:527)
	at java.base/java.util.stream.AbstractPipeline.copyInto(AbstractPipeline.java:513)
	at java.base/java.util.stream.AbstractPipeline.wrapAndCopyInto(AbstractPipeline.java:499)
	at java.base/java.util.stream.ReduceOps$ReduceOp.evaluateSequential(ReduceOps.java:921)
	at java.base/java.util.stream.AbstractPipeline.evaluate(AbstractPipeline.java:234)
	at java.base/java.util.stream.ReferencePipeline.collect(ReferencePipeline.java:682)
	at com.genuitec.eclipse.startup.model.WorkspaceDataProvider.getSortedSavedFiles(WorkspaceDataProvider.java:198)
	at com.genuitec.eclipse.startup.dialogs.custom.AbstractWelcomeDialog.getSortedSavedFiles(AbstractWelcomeDialog.java:284)
	at com.genuitec.eclipse.startup.dialogs.tabs.LaunchTabMainPage.createRecentChangesComposite(LaunchTabMainPage.java:134)
	at com.genuitec.eclipse.startup.dialogs.tabs.LaunchTabMainPage.createContents(LaunchTabMainPage.java:56)
	at com.genuitec.eclipse.startup.dialogs.tabs.LaunchTabFactory.createPages(LaunchTabFactory.java:40)
	at com.genuitec.eclipse.startup.dialogs.tabs.LaunchTabFactory.createTabArea(LaunchTabFactory.java:34)
	at com.genuitec.eclipse.startup.dialogs.tabs.CodeFullyTabFactory.createContents(CodeFullyTabFactory.java:139)
	at com.genuitec.eclipse.startup.dialogs.custom.SideTabFolder.createTabContent(SideTabFolder.java:455)
	at com.genuitec.eclipse.startup.dialogs.custom.SideTabFolder.doCreateTabs(SideTabFolder.java:224)
	at com.genuitec.eclipse.startup.dialogs.custom.SideTabFolder.createTabs(SideTabFolder.java:155)
	at com.genuitec.eclipse.startup.dialogs.custom.AbstactSideTabDialog.createTabs(AbstactSideTabDialog.java:142)
	at com.genuitec.eclipse.startup.dialogs.custom.CustomStartupDialog.createTabs(CustomStartupDialog.java:465)
	at com.genuitec.eclipse.startup.dialogs.custom.CustomStartupDialog.createTabs(CustomStartupDialog.java:461)
	at com.genuitec.eclipse.startup.dialogs.custom.AbstactSideTabDialog.createContents(AbstactSideTabDialog.java:122)
	at org.eclipse.jface.window.Window.create(Window.java:431)
	at org.eclipse.jface.window.Window.open(Window.java:788)
	at com.genuitec.eclipse.startup.dialogs.custom.AbstactSideTabDialog.open(AbstactSideTabDialog.java:61)
	at com.genuitec.eclipse.startup.dialogs.custom.CustomStartupDialog.prompt(CustomStartupDialog.java:336)
	... 20 more
Root exception:
java.lang.IllegalArgumentException: URI scheme is not "file"
	at java.base/java.io.File.<init>(File.java:423)
	at com.genuitec.eclipse.startup.model.FileEntry.exists(FileEntry.java:249)
	at com.genuitec.eclipse.startup.model.WorkspaceDataProvider.lambda$5(WorkspaceDataProvider.java:195)
	at java.base/java.util.stream.ReferencePipeline$2$1.accept(ReferencePipeline.java:178)
	at java.base/java.util.ArrayList$ArrayListSpliterator.tryAdvance(ArrayList.java:1602)
	at java.base/java.util.stream.ReferencePipeline$7$1.accept(ReferencePipeline.java:280)
	at java.base/java.util.stream.ReferencePipeline$2$1.accept(ReferencePipeline.java:179)
	at java.base/java.util.stream.ReferencePipeline$3$1.accept(ReferencePipeline.java:197)
	at java.base/java.util.stream.ReferencePipeline$2$1.accept(ReferencePipeline.java:179)
	at java.base/java.util.Spliterators$ArraySpliterator.tryAdvance(Spliterators.java:1002)
	at java.base/java.util.stream.ReferencePipeline.forEachWithCancel(ReferencePipeline.java:129)
	at java.base/java.util.stream.AbstractPipeline.copyIntoWithCancel(AbstractPipeline.java:527)
	at java.base/java.util.stream.AbstractPipeline.copyInto(AbstractPipeline.java:513)
	at java.base/java.util.stream.AbstractPipeline.wrapAndCopyInto(AbstractPipeline.java:499)
	at java.base/java.util.stream.ReduceOps$ReduceOp.evaluateSequential(ReduceOps.java:921)
	at java.base/java.util.stream.AbstractPipeline.evaluate(AbstractPipeline.java:234)
	at java.base/java.util.stream.ReferencePipeline.collect(ReferencePipeline.java:682)
	at com.genuitec.eclipse.startup.model.WorkspaceDataProvider.getSortedSavedFiles(WorkspaceDataProvider.java:198)
	at com.genuitec.eclipse.startup.dialogs.custom.AbstractWelcomeDialog.getSortedSavedFiles(AbstractWelcomeDialog.java:284)
	at com.genuitec.eclipse.startup.dialogs.tabs.LaunchTabMainPage.createRecentChangesComposite(LaunchTabMainPage.java:134)
	at com.genuitec.eclipse.startup.dialogs.tabs.LaunchTabMainPage.createContents(LaunchTabMainPage.java:56)
	at com.genuitec.eclipse.startup.dialogs.tabs.LaunchTabFactory.createPages(LaunchTabFactory.java:40)
	at com.genuitec.eclipse.startup.dialogs.tabs.LaunchTabFactory.createTabArea(LaunchTabFactory.java:34)
	at com.genuitec.eclipse.startup.dialogs.tabs.CodeFullyTabFactory.createContents(CodeFullyTabFactory.java:139)
	at com.genuitec.eclipse.startup.dialogs.custom.SideTabFolder.createTabContent(SideTabFolder.java:455)
	at com.genuitec.eclipse.startup.dialogs.custom.SideTabFolder.doCreateTabs(SideTabFolder.java:224)
	at com.genuitec.eclipse.startup.dialogs.custom.SideTabFolder.createTabs(SideTabFolder.java:155)
	at com.genuitec.eclipse.startup.dialogs.custom.AbstactSideTabDialog.createTabs(AbstactSideTabDialog.java:142)
	at com.genuitec.eclipse.startup.dialogs.custom.CustomStartupDialog.createTabs(CustomStartupDialog.java:465)
	at com.genuitec.eclipse.startup.dialogs.custom.CustomStartupDialog.createTabs(CustomStartupDialog.java:461)
	at com.genuitec.eclipse.startup.dialogs.custom.AbstactSideTabDialog.createContents(AbstactSideTabDialog.java:122)
	at org.eclipse.jface.window.Window.create(Window.java:431)
	at org.eclipse.jface.window.Window.open(Window.java:788)
	at com.genuitec.eclipse.startup.dialogs.custom.AbstactSideTabDialog.open(AbstactSideTabDialog.java:61)
	at com.genuitec.eclipse.startup.dialogs.custom.CustomStartupDialog.prompt(CustomStartupDialog.java:336)
	at java.base/jdk.internal.reflect.NativeMethodAccessorImpl.invoke0(Native Method)
	at java.base/jdk.internal.reflect.NativeMethodAccessorImpl.invoke(NativeMethodAccessorImpl.java:77)
	at java.base/jdk.internal.reflect.DelegatingMethodAccessorImpl.invoke(DelegatingMethodAccessorImpl.java:43)
	at java.base/java.lang.reflect.Method.invoke(Method.java:568)
	at org.eclipse.ui.internal.ide.application.IDEApplication.showCustomDialog(IDEApplication.java:627)
	at org.eclipse.ui.internal.ide.application.IDEApplication.promptForWorkspace(IDEApplication.java:383)
	at org.eclipse.ui.internal.ide.application.IDEApplication.checkInstanceLocation(IDEApplication.java:285)
	at org.eclipse.ui.internal.ide.application.IDEApplication.start(IDEApplication.java:142)
	at org.eclipse.equinox.internal.app.EclipseAppHandle.run(EclipseAppHandle.java:203)
	at org.eclipse.core.runtime.internal.adaptor.EclipseAppLauncher.runApplication(EclipseAppLauncher.java:136)
	at org.eclipse.core.runtime.internal.adaptor.EclipseAppLauncher.start(EclipseAppLauncher.java:104)
	at org.eclipse.core.runtime.adaptor.EclipseStarter.run(EclipseStarter.java:402)
	at org.eclipse.core.runtime.adaptor.EclipseStarter.run(EclipseStarter.java:255)
	at java.base/jdk.internal.reflect.NativeMethodAccessorImpl.invoke0(Native Method)
	at java.base/jdk.internal.reflect.NativeMethodAccessorImpl.invoke(NativeMethodAccessorImpl.java:77)
	at java.base/jdk.internal.reflect.DelegatingMethodAccessorImpl.invoke(DelegatingMethodAccessorImpl.java:43)
	at java.base/java.lang.reflect.Method.invoke(Method.java:568)
	at org.eclipse.equinox.launcher.Main.invokeFramework(Main.java:659)
	at org.eclipse.equinox.launcher.Main.basicRun(Main.java:596)
	at org.eclipse.equinox.launcher.Main.run(Main.java:1467)
