!SESSION 2024-06-17 13:55:37.528 -----------------------------------------------
eclipse.buildId=4.28.0.20230608-1200
java.version=17.0.11
java.vendor=Eclipse Adoptium
BootLoader constants: OS=win32, ARCH=x86_64, WS=win32, NL=en_US
Framework arguments:  -product org.eclipse.epp.package.java.product
Command-line arguments:  -os win32 -ws win32 -arch x86_64 -product org.eclipse.epp.package.java.product

!ENTRY org.eclipse.emf.ecore 2 0 2024-06-17 13:55:39.725
!MESSAGE Both 'com.sap.adt.conn.serviceconsumptionmodel' and 'com.sap.adt.conn.serviceconsumptionmodel' register a package for 'http://www.sap.com/adt/ddic/ServiceConsumptionModel/oData'

!ENTRY org.eclipse.emf.ecore 2 0 2024-06-17 13:55:39.737
!MESSAGE Both 'com.sap.adt.tools.core.base' and 'org.abapgit.adt.backend' register a package for 'http://www.w3.org/2005/Atom'

!ENTRY org.eclipse.emf.ecore 2 0 2024-06-17 13:55:39.752
!MESSAGE Both 'com.sap.adt.conn.serviceconsumptionmodel' and 'com.sap.adt.conn.serviceconsumptionmodel' register an extension parser for 'odata'

!ENTRY org.eclipse.emf.ecore 2 0 2024-06-17 13:55:39.753
!MESSAGE Both 'com.sap.adt.conn.serviceconsumptionmodel' and 'com.sap.adt.conn.serviceconsumptionmodel' register an extension parser for 'odata'

!ENTRY org.eclipse.emf.ecore 2 0 2024-06-17 13:55:39.755
!MESSAGE Both 'com.sap.adt.conn.serviceconsumptionmodel' and 'com.sap.adt.conn.ucon.httpservices.http' register an extension parser for 'http'

!ENTRY org.eclipse.emf.ecore 2 0 2024-06-17 13:55:39.758
!MESSAGE Both 'com.sap.adt.ris.model' and 'com.sap.adt.tm.model' register an extension parser for 'facets'

!ENTRY org.eclipse.emf.ecore 2 0 2024-06-17 13:55:39.760
!MESSAGE Both 'com.sap.adt.tools.core' and 'com.sap.adt.wda.common.ui' register an extension parser for 'configuration'

!ENTRY org.eclipse.emf.ecore 2 0 2024-06-17 13:55:39.761
!MESSAGE Both 'com.sap.adt.tools.core.base' and 'org.abapgit.adt.backend' register an extension parser for 'atom'

!ENTRY org.eclipse.epp.mpc.core 4 0 2024-06-17 13:55:40.357
!MESSAGE FrameworkEvent ERROR
!STACK 0
org.osgi.framework.BundleException: Could not resolve module: org.eclipse.epp.mpc.core [167]
  Unresolved requirement: Import-Package: org.apache.hc.client5.http; version="[5.1.0,5.2.0)"

	at org.eclipse.osgi.container.Module.start(Module.java:463)
	at org.eclipse.osgi.container.ModuleContainer$ContainerStartLevel$2.run(ModuleContainer.java:1852)
	at org.eclipse.osgi.internal.framework.EquinoxContainerAdaptor$1$1.execute(EquinoxContainerAdaptor.java:136)
	at org.eclipse.osgi.container.ModuleContainer$ContainerStartLevel.incStartLevel(ModuleContainer.java:1845)
	at org.eclipse.osgi.container.ModuleContainer$ContainerStartLevel.incStartLevel(ModuleContainer.java:1786)
	at org.eclipse.osgi.container.ModuleContainer$ContainerStartLevel.doContainerStartLevel(ModuleContainer.java:1750)
	at org.eclipse.osgi.container.ModuleContainer$ContainerStartLevel.dispatchEvent(ModuleContainer.java:1672)
	at org.eclipse.osgi.container.ModuleContainer$ContainerStartLevel.dispatchEvent(ModuleContainer.java:1)
	at org.eclipse.osgi.framework.eventmgr.EventManager.dispatchEvent(EventManager.java:234)
	at org.eclipse.osgi.framework.eventmgr.EventManager$EventThread.run(EventManager.java:345)

!ENTRY org.eclipse.epp.mpc.core.win32 4 0 2024-06-17 13:55:40.363
!MESSAGE FrameworkEvent ERROR
!STACK 0
org.osgi.framework.BundleException: Could not resolve module: org.eclipse.epp.mpc.core.win32 [168]
  Unresolved requirement: Import-Package: org.apache.hc.client5.http.auth; version="[5.1.0,5.2.0)"

	at org.eclipse.osgi.container.Module.start(Module.java:463)
	at org.eclipse.osgi.container.ModuleContainer$ContainerStartLevel$2.run(ModuleContainer.java:1852)
	at org.eclipse.osgi.internal.framework.EquinoxContainerAdaptor$1$1.execute(EquinoxContainerAdaptor.java:136)
	at org.eclipse.osgi.container.ModuleContainer$ContainerStartLevel.incStartLevel(ModuleContainer.java:1845)
	at org.eclipse.osgi.container.ModuleContainer$ContainerStartLevel.incStartLevel(ModuleContainer.java:1786)
	at org.eclipse.osgi.container.ModuleContainer$ContainerStartLevel.doContainerStartLevel(ModuleContainer.java:1750)
	at org.eclipse.osgi.container.ModuleContainer$ContainerStartLevel.dispatchEvent(ModuleContainer.java:1672)
	at org.eclipse.osgi.container.ModuleContainer$ContainerStartLevel.dispatchEvent(ModuleContainer.java:1)
	at org.eclipse.osgi.framework.eventmgr.EventManager.dispatchEvent(EventManager.java:234)
	at org.eclipse.osgi.framework.eventmgr.EventManager$EventThread.run(EventManager.java:345)

!ENTRY org.eclipse.epp.mpc.ui 4 0 2024-06-17 13:55:40.430
!MESSAGE FrameworkEvent ERROR
!STACK 0
org.osgi.framework.BundleException: Could not resolve module: org.eclipse.epp.mpc.ui [170]
  Unresolved requirement: Require-Bundle: org.eclipse.epp.mpc.core; bundle-version="[1.10.1,2.0.0)"
    -> Bundle-SymbolicName: org.eclipse.epp.mpc.core; bundle-version="1.10.1.v20221110-1841"; singleton:="true"
       org.eclipse.epp.mpc.core [167]
         Unresolved requirement: Import-Package: org.apache.hc.client5.http; version="[5.1.0,5.2.0)"

	at org.eclipse.osgi.container.Module.start(Module.java:463)
	at org.eclipse.osgi.container.ModuleContainer$ContainerStartLevel$2.run(ModuleContainer.java:1852)
	at org.eclipse.osgi.internal.framework.EquinoxContainerAdaptor$1$1.execute(EquinoxContainerAdaptor.java:136)
	at org.eclipse.osgi.container.ModuleContainer$ContainerStartLevel.incStartLevel(ModuleContainer.java:1845)
	at org.eclipse.osgi.container.ModuleContainer$ContainerStartLevel.incStartLevel(ModuleContainer.java:1786)
	at org.eclipse.osgi.container.ModuleContainer$ContainerStartLevel.doContainerStartLevel(ModuleContainer.java:1750)
	at org.eclipse.osgi.container.ModuleContainer$ContainerStartLevel.dispatchEvent(ModuleContainer.java:1672)
	at org.eclipse.osgi.container.ModuleContainer$ContainerStartLevel.dispatchEvent(ModuleContainer.java:1)
	at org.eclipse.osgi.framework.eventmgr.EventManager.dispatchEvent(EventManager.java:234)
	at org.eclipse.osgi.framework.eventmgr.EventManager$EventThread.run(EventManager.java:345)
